<?xml version="1.0" encoding="utf-8"?><testsuites name="pytest tests"><testsuite name="pytest" errors="0" failures="0" skipped="0" tests="11" time="3.524" timestamp="2026-06-25T03:26:20.622265+00:00" hostname="agent-env-d68aac04-7ed4-443a-b438-cf6484ae46ee"><testcase classname="backend.tests.test_deliveries.TestHealth" name="test_root" time="0.301" /><testcase classname="backend.tests.test_deliveries.TestDeliveries" name="test_create_delivery_status_201" time="0.074" /><testcase classname="backend.tests.test_deliveries.TestDeliveries" name="test_get_delivery_by_id" time="0.057" /><testcase classname="backend.tests.test_deliveries.TestDeliveries" name="test_list_deliveries_contains_created" time="0.051" /><testcase classname="backend.tests.test_deliveries.TestDeliveries" name="test_get_unknown_delivery_returns_404" time="0.051" /><testcase classname="backend.tests.test_deliveries.TestUploadAndSign" name="test_upload_pdf_rejects_non_pdf" time="0.054" /><testcase classname="backend.tests.test_deliveries.TestUploadAndSign" name="test_upload_pdf_accepts_x_pdf_content_type" time="0.270" /><testcase classname="backend.tests.test_deliveries.TestUploadAndSign" name="test_upload_pdf_unknown_delivery" time="0.060" /><testcase classname="backend.tests.test_deliveries.TestUploadAndSign" name="test_full_upload_sign_and_signature_is_overlaid" time="1.614" /><testcase classname="backend.tests.test_deliveries.TestUploadAndSign" name="test_sign_without_pdf_returns_400" time="0.129" /><testcase classname="backend.tests.test_deliveries.TestUploadAndSign" name="test_sign_invalid_format_returns_400" time="0.542" /></testsuite></testsuites>