<?xml version="1.0" encoding="utf-8"?><testsuites name="pytest tests"><testsuite name="pytest" errors="0" failures="0" skipped="0" tests="10" time="2.603" timestamp="2026-06-23T19:34:36.299936+00:00" hostname="agent-env-d68aac04-7ed4-443a-b438-cf6484ae46ee"><testcase classname="backend.tests.test_deliveries.TestHealth" name="test_root" time="0.297" /><testcase classname="backend.tests.test_deliveries.TestDeliveries" name="test_create_delivery" time="0.135" /><testcase classname="backend.tests.test_deliveries.TestDeliveries" name="test_get_delivery_by_id" time="0.076" /><testcase classname="backend.tests.test_deliveries.TestDeliveries" name="test_list_deliveries_contains_created" time="0.061" /><testcase classname="backend.tests.test_deliveries.TestDeliveries" name="test_get_unknown_delivery_returns_404" time="0.052" /><testcase classname="backend.tests.test_deliveries.TestUploadAndSign" name="test_upload_pdf_rejects_non_pdf" time="0.057" /><testcase classname="backend.tests.test_deliveries.TestUploadAndSign" name="test_upload_pdf_unknown_delivery" time="0.054" /><testcase classname="backend.tests.test_deliveries.TestUploadAndSign" name="test_full_upload_and_sign_flow" time="1.200" /><testcase classname="backend.tests.test_deliveries.TestUploadAndSign" name="test_sign_without_pdf_returns_400" time="0.097" /><testcase classname="backend.tests.test_deliveries.TestUploadAndSign" name="test_sign_invalid_format" time="0.200" /></testsuite></testsuites>